#
# A fatal error has been detected by the Java Runtime Environment:
#
#  SIGSEGV (0xb) at pc=0x00007fff92fb38f2, pid=3196, tid=1811
#
# JRE version: Java(TM) SE Runtime Environment (8.0_20-b26) (build 1.8.0_20-b26)
# Java VM: Java HotSpot(TM) 64-Bit Server VM (25.20-b23 mixed mode bsd-amd64 compressed oops)
# Problematic frame:
# C  [libGPUSupportMercury.dylib+0xb8f2]  gldAttachDrawable+0x60
#
# Failed to write core dump. Core dumps have been disabled. To enable core dumping, try "ulimit -c unlimited" before starting Java again
#
# If you would like to submit a bug report, please visit:
#   http://bugreport.sun.com/bugreport/crash.jsp
# The crash happened outside the Java Virtual Machine in native code.
# See problematic frame for where to report the bug.
#

---------------  T H R E A D  ---------------

Current thread (0x00007f9e5c092800):  JavaThread "AppKit Thread" daemon [_thread_in_native, id=1811, stack(0x00007fff59494000,0x00007fff59c94000)]

siginfo: si_signo: 11 (SIGSEGV), si_code: 0 (unknown), si_addr: 0x0000000000000000

Registers:
RAX=0xb000000000000000, RBX=0x000000000000271e, RCX=0x0000000000000000, RDX=0x00007f9e5ae58cf8
RSP=0x00007fff59c8e960, RBP=0x00007fff59c8ea60, RSI=0x0000000000000050, RDI=0x00007fff7dd94070
R8 =0x00007f9e5e837260, R9 =0x00007f9e5d800000, R10=0x000000000000003c, R11=0x0000000000000206
R12=0x0000000000002718, R13=0x00007f9e5c23d000, R14=0x0000000000000050, R15=0x0000000000000000
RIP=0x00007fff92fb38f2, EFLAGS=0x0000000000010212, ERR=0x0000000000000000
  TRAPNO=0x000000000000000d

Top of Stack: (sp=0x00007fff59c8e960)
0x00007fff59c8e960:   00007fff59c8e9d4 00007f9e5af21730
0x00007fff59c8e970:   ffffffffffffffff 0000206000000040
0x00007fff59c8e980:   00007f9e5af21748 00007fff971b569f
0x00007fff59c8e990:   0000000000000000 b000000000000000
0x00007fff59c8e9a0:   0000000300000003 00007fff59c8eae8
0x00007fff59c8e9b0:   00007fff59c8ea74 0000000000025b83
0x00007fff59c8e9c0:   00007fff59c8ea6c 00007fff59c8ea70
0x00007fff59c8e9d0:   00007fff59c8ea50 00007fff9c447df0
0x00007fff59c8e9e0:   0000000000000000 000000000000046e
0x00007fff59c8e9f0:   0000003400001200 0000040b00000000
0x00007fff59c8ea00:   00007fff59c8ea30 00007fff9c3fa13e
0x00007fff59c8ea10:   00007fff59c8eaa8 000000000000046e
0x00007fff59c8ea20:   00007fff59c8ea60 000000002666add3
0x00007fff59c8ea30:   c10010722c950516 00007f9e5e82d400
0x00007fff59c8ea40:   0000000000002718 0000000000000000
0x00007fff59c8ea50:   0000000000000050 0000000000000000
0x00007fff59c8ea60:   00007fff59c8eab0 00007fff8eb787e4
0x00007fff59c8ea70:   00007f9e5e837260 0000000000000000
0x00007fff59c8ea80:   00007f9e5ae58cf8 00007f9e5ad4c410
0x00007fff59c8ea90:   0000000000000000 00007f9e5b90f150
0x00007fff59c8eaa0:   00007f9e5b90d200 00007fff7dd94070
0x00007fff59c8eab0:   00007fff59c8eba0 00007fff9ce047ac
0x00007fff59c8eac0:   4089000000000000 4074000000000000
0x00007fff59c8ead0:   4061400000000000 4084000000000000
0x00007fff59c8eae0:   407f600000000000 0000000000000000
0x00007fff59c8eaf0:   4036000000000000 4084000000000000
0x00007fff59c8eb00:   407e000000000000 0000000000000000
0x00007fff59c8eb10:   0000000000000000 0000000000000001
0x00007fff59c8eb20:   00007f9e5ae58cf8 0000000000000001
0x00007fff59c8eb30:   00007fff59c8eba0 00007fff9ce0964c
0x00007fff59c8eb40:   0000000100000003 00007f9e5b90f150
0x00007fff59c8eb50:   00007f9e5b90f088 0000000294ddffff 

Instructions: (pc=0x00007fff92fb38f2)
0x00007fff92fb38d2:   48 85 d2 b8 01 00 00 00 bb 15 27 00 00 0f 44 d8
0x00007fff92fb38e2:   e9 7f 01 00 00 49 8b 45 08 48 89 85 38 ff ff ff
0x00007fff92fb38f2:   48 8b 00 48 89 85 30 ff ff ff 83 fe 4f 0f 8f fd
0x00007fff92fb3902:   00 00 00 48 89 d0 bb 15 27 00 00 83 fe 35 0f 84 

Register to memory mapping:

RAX=0xb000000000000000 is an unknown value
RBX=0x000000000000271e is an unknown value
RCX=0x0000000000000000 is an unknown value
RDX=0x00007f9e5ae58cf8 is an unknown value
RSP=0x00007fff59c8e960 is pointing into the stack for thread: 0x00007f9e5c092800
RBP=0x00007fff59c8ea60 is pointing into the stack for thread: 0x00007f9e5c092800
RSI=0x0000000000000050 is an unknown value
RDI=0x00007fff7dd94070: __stack_chk_guard+0 in /usr/lib/system/libsystem_c.dylib at 0x00007fff9013c000
R8 =0x00007f9e5e837260 is an unknown value
R9 =0x00007f9e5d800000 is an unknown value
R10=0x000000000000003c is an unknown value
R11=0x0000000000000206 is an unknown value
R12=0x0000000000002718 is an unknown value
R13=0x00007f9e5c23d000 is an unknown value
R14=0x0000000000000050 is an unknown value
R15=0x0000000000000000 is an unknown value


Stack: [0x00007fff59494000,0x00007fff59c94000],  sp=0x00007fff59c8e960,  free space=8170k
Native frames: (J=compiled Java code, j=interpreted, Vv=VM code, C=native code)
C  [libGPUSupportMercury.dylib+0xb8f2]  gldAttachDrawable+0x60
C  [GLEngine+0x167e4]  gliAttachDrawableWithOptions+0x101
C  [OpenGL+0x37ac]  glcGetIOAccelService+0xe03
C  [OpenGL+0x73f3]  CGLSetPBuffer+0xb90
C  [OpenGL+0x7716]  CGLSetSurface+0x124
C  [AppKit+0x57bfe7]  NSOpenGLContextAttachOnScreenViewSurface+0x109
C  [AppKit+0x2c67fb]  -[NSOpenGLContext setView:]+0x83
C  [liblwjgl.jnilib+0x9f3e]  -[MacOSXOpenGLView lockFocus]+0x6e
C  [AppKit+0x14e8c5]  -[NSView _recursiveDisplayRectIfNeededIgnoringOpacity:isVisibleRect:rectIsVisibleRectForView:topView:]+0x740
C  [AppKit+0x14f920]  -[NSView _recursiveDisplayRectIfNeededIgnoringOpacity:isVisibleRect:rectIsVisibleRectForView:topView:]+0x179b
C  [AppKit+0x14dc73]  -[NSThemeFrame _recursiveDisplayRectIfNeededIgnoringOpacity:isVisibleRect:rectIsVisibleRectForView:topView:]+0x14d
C  [AppKit+0x14a7cb]  -[NSView _displayRectIgnoringOpacity:isVisibleRect:rectIsVisibleRectForView:]+0xac9
C  [AppKit+0x1291ca]  -[NSView displayIfNeeded]+0x754
C  [AppKit+0x1466c5]  -[NSWindow displayIfNeeded]+0xe8
C  [AppKit+0x1838c2]  _handleWindowNeedsDisplayOrLayoutOrUpdateConstraints+0x3a8
C  [AppKit+0x748d91]  __83-[NSWindow _postWindowNeedsDisplayOrLayoutOrUpdateConstraintsUnlessPostingDisabled]_block_invoke1523+0x2e
C  [CoreFoundation+0x7fd87]  __CFRUNLOOP_IS_CALLING_OUT_TO_AN_OBSERVER_CALLBACK_FUNCTION__+0x17
C  [CoreFoundation+0x7fce0]  __CFRunLoopDoObservers+0x170
C  [CoreFoundation+0x71de8]  __CFRunLoopRun+0x368
C  [CoreFoundation+0x71838]  CFRunLoopRunSpecific+0x128
C  [HIToolbox+0x2e43f]  RunCurrentEventLoopInMode+0xeb
C  [HIToolbox+0x2e0be]  ReceiveNextEventCommon+0xb3
C  [HIToolbox+0x2dffb]  _BlockUntilNextEventMatchingListInModeWithFilter+0x47
C  [AppKit+0x24821]  _DPSNextEvent+0x3c4
C  [AppKit+0x23fd0]  -[NSApplication nextEventMatchingMask:untilDate:inMode:dequeue:]+0xc2
C  [libosxapp.dylib+0x242a]  -[NSApplicationAWT nextEventMatchingMask:untilDate:inMode:dequeue:]+0x7c
C  [AppKit+0x17f73]  -[NSApplication run]+0x252
C  [libosxapp.dylib+0x223e]  +[NSApplicationAWT runAWTLoopWithApp:]+0x9c
C  [libawt_lwawt.dylib+0x4494f]  -[AWTStarter starter:]+0x389
C  [Foundation+0x65f4c]  __NSThreadPerformPerform+0x125
C  [CoreFoundation+0x80661]  __CFRUNLOOP_IS_CALLING_OUT_TO_A_SOURCE0_PERFORM_FUNCTION__+0x11
C  [CoreFoundation+0x727ed]  __CFRunLoopDoSources0+0x10d
C  [CoreFoundation+0x71e1f]  __CFRunLoopRun+0x39f
C  [CoreFoundation+0x71838]  CFRunLoopRunSpecific+0x128
C  [java+0x56cc]  CreateExecutionEnvironment+0x367
C  [java+0x165c]  JLI_Launch+0x7a0
C  [java+0x768a]  main+0x65
C  [java+0xeb4]  start+0x34
C  0x0000000000000006


---------------  P R O C E S S  ---------------

Java Threads: ( => current thread )
  0x00007f9e5b061000 JavaThread "Java2D Disposer" daemon [_thread_blocked, id=50715, stack(0x000000012460a000,0x000000012470a000)]
  0x00007f9e5b882000 JavaThread "Java2D Queue Flusher" daemon [_thread_blocked, id=49159, stack(0x0000000123c6b000,0x0000000123d6b000)]
  0x00007f9e5c118000 JavaThread "AWT-Shutdown" [_thread_blocked, id=28179, stack(0x0000000120d40000,0x0000000120e40000)]
=>0x00007f9e5c092800 JavaThread "AppKit Thread" daemon [_thread_in_native, id=1811, stack(0x00007fff59494000,0x00007fff59c94000)]
  0x00007f9e5c06a000 JavaThread "Service Thread" daemon [_thread_blocked, id=17923, stack(0x000000011f5be000,0x000000011f6be000)]
  0x00007f9e5c849000 JavaThread "C1 CompilerThread2" daemon [_thread_blocked, id=17411, stack(0x000000011f4bb000,0x000000011f5bb000)]
  0x00007f9e5c848000 JavaThread "C2 CompilerThread1" daemon [_thread_blocked, id=16899, stack(0x000000011f3b8000,0x000000011f4b8000)]
  0x00007f9e5c846800 JavaThread "C2 CompilerThread0" daemon [_thread_blocked, id=16387, stack(0x000000011f2b5000,0x000000011f3b5000)]
  0x00007f9e5c00c800 JavaThread "Signal Dispatcher" daemon [_thread_blocked, id=13591, stack(0x000000011f1b2000,0x000000011f2b2000)]
  0x00007f9e5c836800 JavaThread "Finalizer" daemon [_thread_blocked, id=11523, stack(0x000000011d875000,0x000000011d975000)]
  0x00007f9e5c836000 JavaThread "Reference Handler" daemon [_thread_blocked, id=11011, stack(0x000000011d772000,0x000000011d872000)]
  0x00007f9e5c800800 JavaThread "main" [_thread_in_native, id=4867, stack(0x0000000107801000,0x0000000107901000)]

Other Threads:
  0x00007f9e5c028800 VMThread [stack: 0x000000011d66f000,0x000000011d76f000] [id=10499]
  0x00007f9e5b817000 WatcherThread [stack: 0x000000011f6c1000,0x000000011f7c1000] [id=18435]

VM state:not at safepoint (normal execution)

VM Mutex/Monitor currently owned by a thread: None

Heap:
 PSYoungGen      total 38400K, used 10203K [0x0000000795580000, 0x0000000798000000, 0x00000007c0000000)
  eden space 33280K, 30% used [0x0000000795580000,0x0000000795f76f28,0x0000000797600000)
  from space 5120K, 0% used [0x0000000797b00000,0x0000000797b00000,0x0000000798000000)
  to   space 5120K, 0% used [0x0000000797600000,0x0000000797600000,0x0000000797b00000)
 ParOldGen       total 87552K, used 0K [0x0000000740000000, 0x0000000745580000, 0x0000000795580000)
  object space 87552K, 0% used [0x0000000740000000,0x0000000740000000,0x0000000745580000)
 Metaspace       used 7567K, capacity 7673K, committed 7808K, reserved 1056768K
  class space    used 791K, capacity 831K, committed 896K, reserved 1048576K

Card table byte_map: [0x0000000116cc3000,0x00000001170c4000] byte_map_base: 0x00000001132c3000

Marking Bits: (ParMarkBitMap*) 0x0000000106906330
 Begin Bits: [0x000000011777b000, 0x000000011977b000)
 End Bits:   [0x000000011977b000, 0x000000011b77b000)

Polling page: 0x0000000106fde000

CodeCache: size=245760Kb used=2177Kb max_used=2188Kb free=243582Kb
 bounds [0x0000000107903000, 0x0000000107b73000, 0x0000000116903000]
 total_blobs=977 nmethods=510 adapters=382
 compilation: enabled

Compilation events (10 events):
Event: 4.073 Thread 0x00007f9e5c849000  505       3       java.nio.DirectIntBufferU::put (18 bytes)
Event: 4.074 Thread 0x00007f9e5c849000 nmethod 505 0x0000000107b1fa50 code [0x0000000107b1fbc0, 0x0000000107b1fe30]
Event: 4.089 Thread 0x00007f9e5c849000  506   !   3       org.lwjgl.opengl.Display::isActive (38 bytes)
Event: 4.091 Thread 0x00007f9e5c849000 nmethod 506 0x0000000107b1ebd0 code [0x0000000107b1eda0, 0x0000000107b1f668]
Event: 4.091 Thread 0x00007f9e5c849000  507       3       org.lwjgl.opengl.MacOSXDisplay::isActive (23 bytes)
Event: 4.091 Thread 0x00007f9e5c849000 nmethod 507 0x0000000107b1e490 code [0x0000000107b1e620, 0x0000000107b1ea58]
Event: 4.357 Thread 0x00007f9e5c849000  508   !   3       org.lwjgl.opengl.Sync::sync (125 bytes)
Event: 4.359 Thread 0x00007f9e5c849000 nmethod 508 0x0000000107b20750 code [0x0000000107b20a60, 0x0000000107b221b8]
Event: 4.377 Thread 0x00007f9e5c849000  509       3       java.nio.HeapByteBuffer::put (167 bytes)
Event: 4.379 Thread 0x00007f9e5c849000 nmethod 509 0x0000000107b22d50 code [0x0000000107b22fc0, 0x0000000107b24318]

GC Heap History (0 events):
No events

Deoptimization events (0 events):
No events

Internal exceptions (10 events):
Event: 2.416 Thread 0x00007f9e5c800800 Exception <a 'java/security/PrivilegedActionException'> (0x0000000795e74b48) thrown at [/HUDSON3/workspace/8-2-build-macosx-x86_64/jdk8u20/1074/hotspot/src/share/vm/prims/jvm.cpp, line 1275]
Event: 2.428 Thread 0x00007f9e5c800800 Exception <a 'java/security/PrivilegedActionException'> (0x0000000795eb6978) thrown at [/HUDSON3/workspace/8-2-build-macosx-x86_64/jdk8u20/1074/hotspot/src/share/vm/prims/jvm.cpp, line 1275]
Event: 2.429 Thread 0x00007f9e5c800800 Exception <a 'java/security/PrivilegedActionException'> (0x0000000795eb7ee0) thrown at [/HUDSON3/workspace/8-2-build-macosx-x86_64/jdk8u20/1074/hotspot/src/share/vm/prims/jvm.cpp, line 1275]
Event: 2.429 Thread 0x00007f9e5c800800 Exception <a 'java/lang/NoClassDefFoundError': net/java/games/input/ControllerEnvironment> (0x0000000795eb8118) thrown at [/HUDSON3/workspace/8-2-build-macosx-x86_64/jdk8u20/1074/hotspot/src/share/vm/classfile/systemDictionary.cpp, line 191]
Event: 2.430 Thread 0x00007f9e5c800800 Exception <a 'java/security/PrivilegedActionException'> (0x0000000795eb9dd8) thrown at [/HUDSON3/workspace/8-2-build-macosx-x86_64/jdk8u20/1074/hotspot/src/share/vm/prims/jvm.cpp, line 1275]
Event: 2.433 Thread 0x00007f9e5c800800 Exception <a 'java/security/PrivilegedActionException'> (0x0000000795ebd700) thrown at [/HUDSON3/workspace/8-2-build-macosx-x86_64/jdk8u20/1074/hotspot/src/share/vm/prims/jvm.cpp, line 1275]
Event: 2.438 Thread 0x00007f9e5c800800 Exception <a 'java/security/PrivilegedActionException'> (0x0000000795ec1250) thrown at [/HUDSON3/workspace/8-2-build-macosx-x86_64/jdk8u20/1074/hotspot/src/share/vm/prims/jvm.cpp, line 1275]
Event: 2.440 Thread 0x00007f9e5c800800 Exception <a 'java/security/PrivilegedActionException'> (0x0000000795ec8690) thrown at [/HUDSON3/workspace/8-2-build-macosx-x86_64/jdk8u20/1074/hotspot/src/share/vm/prims/jvm.cpp, line 1275]
Event: 2.445 Thread 0x00007f9e5c800800 Exception <a 'java/security/PrivilegedActionException'> (0x0000000795ecbe10) thrown at [/HUDSON3/workspace/8-2-build-macosx-x86_64/jdk8u20/1074/hotspot/src/share/vm/prims/jvm.cpp, line 1275]
Event: 2.447 Thread 0x00007f9e5c800800 Exception <a 'java/security/PrivilegedActionException'> (0x0000000795ecfc60) thrown at [/HUDSON3/workspace/8-2-build-macosx-x86_64/jdk8u20/1074/hotspot/src/share/vm/prims/jvm.cpp, line 1275]

Events (10 events):
Event: 2.440 loading class org/newdawn/slick/AngelCodeFont$DisplayList
Event: 2.440 loading class org/newdawn/slick/AngelCodeFont$DisplayList done
Event: 2.445 loading class org/lwjgl/opengl/Sync
Event: 2.445 loading class org/lwjgl/opengl/Sync done
Event: 2.447 loading class org/lwjgl/opengl/Sync$RunningAvg
Event: 2.447 loading class org/lwjgl/opengl/Sync$RunningAvg done
Event: 4.340 Executing VM operation: EnableBiasedLocking
Event: 4.341 Executing VM operation: EnableBiasedLocking done
Event: 4.464 loading class org/lwjgl/opengl/CallbackUtil
Event: 4.464 loading class org/lwjgl/opengl/CallbackUtil done


Dynamic libraries:
0x000000000d7e6000 	/System/Library/Frameworks/Cocoa.framework/Versions/A/Cocoa
0x000000000d7e6000 	/System/Library/Frameworks/Security.framework/Versions/A/Security
0x000000000d7e6000 	/System/Library/Frameworks/ApplicationServices.framework/Versions/A/ApplicationServices
0x000000000d7e6000 	/usr/lib/libz.1.dylib
0x000000000d7e6000 	/usr/lib/libSystem.B.dylib
0x000000000d7e6000 	/usr/lib/libobjc.A.dylib
0x000000000d7e6000 	/System/Library/Frameworks/CoreFoundation.framework/Versions/A/CoreFoundation
0x000000000d7e6000 	/System/Library/Frameworks/Foundation.framework/Versions/C/Foundation
0x000000000d7e6000 	/System/Library/Frameworks/AppKit.framework/Versions/C/AppKit
0x000000000d7e6000 	/System/Library/Frameworks/CoreData.framework/Versions/A/CoreData
0x000000000d7e6000 	/System/Library/PrivateFrameworks/RemoteViewServices.framework/Versions/A/RemoteViewServices
0x000000000d7e6000 	/System/Library/PrivateFrameworks/UIFoundation.framework/Versions/A/UIFoundation
0x000000000d7e6000 	/System/Library/Frameworks/IOSurface.framework/Versions/A/IOSurface
0x000000000d7e6000 	/System/Library/Frameworks/AudioToolbox.framework/Versions/A/AudioToolbox
0x000000000d7e6000 	/System/Library/Frameworks/AudioUnit.framework/Versions/A/AudioUnit
0x000000000d7e6000 	/System/Library/PrivateFrameworks/DataDetectorsCore.framework/Versions/A/DataDetectorsCore
0x000000000d7e6000 	/System/Library/PrivateFrameworks/DesktopServicesPriv.framework/Versions/A/DesktopServicesPriv
0x000000000d7e6000 	/System/Library/Frameworks/Carbon.framework/Versions/A/Frameworks/HIToolbox.framework/Versions/A/HIToolbox
0x000000000d7e6000 	/System/Library/Frameworks/QuartzCore.framework/Versions/A/QuartzCore
0x000000000d7e6000 	/System/Library/Frameworks/Carbon.framework/Versions/A/Frameworks/SpeechRecognition.framework/Versions/A/SpeechRecognition
0x000000000d7e6000 	/usr/lib/libauto.dylib
0x000000000d7e6000 	/usr/lib/libicucore.A.dylib
0x000000000d7e6000 	/usr/lib/libxml2.2.dylib
0x000000000d7e6000 	/System/Library/PrivateFrameworks/CoreUI.framework/Versions/A/CoreUI
0x000000000d7e6000 	/System/Library/Frameworks/CoreAudio.framework/Versions/A/CoreAudio
0x000000000d7e6000 	/System/Library/Frameworks/DiskArbitration.framework/Versions/A/DiskArbitration
0x000000000d7e6000 	/usr/lib/liblangid.dylib
0x000000000d7e6000 	/System/Library/PrivateFrameworks/MultitouchSupport.framework/Versions/A/MultitouchSupport
0x000000000d7e6000 	/System/Library/Frameworks/IOKit.framework/Versions/A/IOKit
0x000000000d7e6000 	/usr/lib/libDiagnosticMessagesClient.dylib
0x000000000d7e6000 	/System/Library/Frameworks/CoreServices.framework/Versions/A/CoreServices
0x000000000d7e6000 	/System/Library/PrivateFrameworks/PerformanceAnalysis.framework/Versions/A/PerformanceAnalysis
0x000000000d7e6000 	/System/Library/PrivateFrameworks/GenerationalStorage.framework/Versions/A/GenerationalStorage
0x000000000d7e6000 	/System/Library/Frameworks/OpenGL.framework/Versions/A/OpenGL
0x000000000d7e6000 	/System/Library/PrivateFrameworks/Sharing.framework/Versions/A/Sharing
0x000000000d7e6000 	/System/Library/Frameworks/CoreGraphics.framework/Versions/A/CoreGraphics
0x000000000d7e6000 	/System/Library/Frameworks/CoreText.framework/Versions/A/CoreText
0x000000000d7e6000 	/System/Library/Frameworks/ImageIO.framework/Versions/A/ImageIO
0x000000000d7e6000 	/usr/lib/libextension.dylib
0x000000000d7e6000 	/System/Library/PrivateFrameworks/Backup.framework/Versions/A/Backup
0x000000000d7e6000 	/usr/lib/libarchive.2.dylib
0x000000000d7e6000 	/System/Library/Frameworks/CFNetwork.framework/Versions/A/CFNetwork
0x000000000d7e6000 	/System/Library/Frameworks/SystemConfiguration.framework/Versions/A/SystemConfiguration
0x000000000d7e6000 	/usr/lib/libCRFSuite.dylib
0x000000000d7e6000 	/usr/lib/libc++.1.dylib
0x000000000d7e6000 	/usr/lib/libc++abi.dylib
0x000000000d7e6000 	/usr/lib/system/libcache.dylib
0x000000000d7e6000 	/usr/lib/system/libcommonCrypto.dylib
0x000000000d7e6000 	/usr/lib/system/libcompiler_rt.dylib
0x000000000d7e6000 	/usr/lib/system/libcopyfile.dylib
0x000000000d7e6000 	/usr/lib/system/libcorecrypto.dylib
0x000000000d7e6000 	/usr/lib/system/libdispatch.dylib
0x000000000d7e6000 	/usr/lib/system/libdyld.dylib
0x000000000d7e6000 	/usr/lib/system/libkeymgr.dylib
0x000000000d7e6000 	/usr/lib/system/liblaunch.dylib
0x000000000d7e6000 	/usr/lib/system/libmacho.dylib
0x000000000d7e6000 	/usr/lib/system/libquarantine.dylib
0x000000000d7e6000 	/usr/lib/system/libremovefile.dylib
0x000000000d7e6000 	/usr/lib/system/libsystem_asl.dylib
0x000000000d7e6000 	/usr/lib/system/libsystem_blocks.dylib
0x000000000d7e6000 	/usr/lib/system/libsystem_c.dylib
0x000000000d7e6000 	/usr/lib/system/libsystem_configuration.dylib
0x000000000d7e6000 	/usr/lib/system/libsystem_coreservices.dylib
0x000000000d7e6000 	/usr/lib/system/libsystem_coretls.dylib
0x000000000d7e6000 	/usr/lib/system/libsystem_dnssd.dylib
0x000000000d7e6000 	/usr/lib/system/libsystem_info.dylib
0x000000000d7e6000 	/usr/lib/system/libsystem_kernel.dylib
0x000000000d7e6000 	/usr/lib/system/libsystem_m.dylib
0x000000000d7e6000 	/usr/lib/system/libsystem_malloc.dylib
0x000000000d7e6000 	/usr/lib/system/libsystem_network.dylib
0x000000000d7e6000 	/usr/lib/system/libsystem_networkextension.dylib
0x000000000d7e6000 	/usr/lib/system/libsystem_notify.dylib
0x000000000d7e6000 	/usr/lib/system/libsystem_platform.dylib
0x000000000d7e6000 	/usr/lib/system/libsystem_pthread.dylib
0x000000000d7e6000 	/usr/lib/system/libsystem_sandbox.dylib
0x000000000d7e6000 	/usr/lib/system/libsystem_secinit.dylib
0x000000000d7e6000 	/usr/lib/system/libsystem_stats.dylib
0x000000000d7e6000 	/usr/lib/system/libsystem_trace.dylib
0x000000000d7e6000 	/usr/lib/system/libunc.dylib
0x000000000d7e6000 	/usr/lib/system/libunwind.dylib
0x000000000d7e6000 	/usr/lib/system/libxpc.dylib
0x000000000d7e6000 	/usr/lib/libbz2.1.0.dylib
0x000000000d7e6000 	/usr/lib/liblzma.5.dylib
0x000000000d7e6000 	/usr/lib/libbsm.0.dylib
0x000000000d7e6000 	/usr/lib/libsqlite3.dylib
0x000000000d7e6000 	/usr/lib/system/libkxld.dylib
0x000000000d7e6000 	/usr/lib/libxar.1.dylib
0x000000000d7e6000 	/usr/lib/libpam.2.dylib
0x000000000d7e6000 	/usr/lib/libOpenScriptingUtil.dylib
0x000000000d7e6000 	/System/Library/Frameworks/CoreServices.framework/Versions/A/Frameworks/FSEvents.framework/Versions/A/FSEvents
0x000000000d7e6000 	/System/Library/Frameworks/CoreServices.framework/Versions/A/Frameworks/CarbonCore.framework/Versions/A/CarbonCore
0x000000000d7e6000 	/System/Library/Frameworks/CoreServices.framework/Versions/A/Frameworks/Metadata.framework/Versions/A/Metadata
0x000000000d7e6000 	/System/Library/Frameworks/CoreServices.framework/Versions/A/Frameworks/OSServices.framework/Versions/A/OSServices
0x000000000d7e6000 	/System/Library/Frameworks/CoreServices.framework/Versions/A/Frameworks/SearchKit.framework/Versions/A/SearchKit
0x000000000d7e6000 	/System/Library/Frameworks/CoreServices.framework/Versions/A/Frameworks/AE.framework/Versions/A/AE
0x000000000d7e6000 	/System/Library/Frameworks/CoreServices.framework/Versions/A/Frameworks/LaunchServices.framework/Versions/A/LaunchServices
0x000000000d7e6000 	/System/Library/Frameworks/CoreServices.framework/Versions/A/Frameworks/DictionaryServices.framework/Versions/A/DictionaryServices
0x000000000d7e6000 	/System/Library/Frameworks/NetFS.framework/Versions/A/NetFS
0x000000000d7e6000 	/System/Library/PrivateFrameworks/NetAuth.framework/Versions/A/NetAuth
0x000000000d7e6000 	/System/Library/PrivateFrameworks/login.framework/Versions/A/Frameworks/loginsupport.framework/Versions/A/loginsupport
0x000000000d7e6000 	/System/Library/PrivateFrameworks/TCC.framework/Versions/A/TCC
0x000000000d7e6000 	/usr/lib/libmecabra.dylib
0x000000000d7e6000 	/System/Library/PrivateFrameworks/LanguageModeling.framework/Versions/A/LanguageModeling
0x000000000d7e6000 	/usr/lib/libcmph.dylib
0x000000000d7e6000 	/usr/lib/libiconv.2.dylib
0x000000000d7e6000 	/System/Library/Frameworks/OpenDirectory.framework/Versions/A/Frameworks/CFOpenDirectory.framework/Versions/A/CFOpenDirectory
0x000000000d7e6000 	/System/Library/Frameworks/ServiceManagement.framework/Versions/A/ServiceManagement
0x000000000d7e6000 	/usr/lib/libxslt.1.dylib
0x000000000d7e6000 	/System/Library/Frameworks/Carbon.framework/Versions/A/Frameworks/Ink.framework/Versions/A/Ink
0x000000000d7e6000 	/System/Library/Frameworks/ApplicationServices.framework/Versions/A/Frameworks/ATS.framework/Versions/A/ATS
0x000000000d7e6000 	/System/Library/Frameworks/ApplicationServices.framework/Versions/A/Frameworks/ColorSync.framework/Versions/A/ColorSync
0x000000000d7e6000 	/System/Library/Frameworks/ApplicationServices.framework/Versions/A/Frameworks/HIServices.framework/Versions/A/HIServices
0x000000000d7e6000 	/System/Library/Frameworks/ApplicationServices.framework/Versions/A/Frameworks/LangAnalysis.framework/Versions/A/LangAnalysis
0x000000000d7e6000 	/System/Library/Frameworks/ApplicationServices.framework/Versions/A/Frameworks/PrintCore.framework/Versions/A/PrintCore
0x000000000d7e6000 	/System/Library/Frameworks/ApplicationServices.framework/Versions/A/Frameworks/QD.framework/Versions/A/QD
0x000000000d7e6000 	/System/Library/Frameworks/ApplicationServices.framework/Versions/A/Frameworks/SpeechSynthesis.framework/Versions/A/SpeechSynthesis
0x000000000d7e6000 	/System/Library/Frameworks/Accelerate.framework/Versions/A/Accelerate
0x000000000d7e6000 	/System/Library/Frameworks/Accelerate.framework/Versions/A/Frameworks/vImage.framework/Versions/A/vImage
0x000000000d7e6000 	/System/Library/Frameworks/Accelerate.framework/Versions/A/Frameworks/vecLib.framework/Versions/A/vecLib
0x000000000d7e6000 	/System/Library/Frameworks/Accelerate.framework/Versions/A/Frameworks/vecLib.framework/Versions/A/libvDSP.dylib
0x000000000d7e6000 	/System/Library/Frameworks/Accelerate.framework/Versions/A/Frameworks/vecLib.framework/Versions/A/libvMisc.dylib
0x000000000d7e6000 	/System/Library/Frameworks/Accelerate.framework/Versions/A/Frameworks/vecLib.framework/Versions/A/libLAPACK.dylib
0x000000000d7e6000 	/System/Library/Frameworks/Accelerate.framework/Versions/A/Frameworks/vecLib.framework/Versions/A/libBLAS.dylib
0x000000000d7e6000 	/System/Library/Frameworks/Accelerate.framework/Versions/A/Frameworks/vecLib.framework/Versions/A/libLinearAlgebra.dylib
0x000000000d7e6000 	/System/Library/Frameworks/ApplicationServices.framework/Versions/A/Frameworks/ATS.framework/Versions/A/Resources/libFontParser.dylib
0x000000000d7e6000 	/System/Library/Frameworks/ApplicationServices.framework/Versions/A/Frameworks/ATS.framework/Versions/A/Resources/libFontRegistry.dylib
0x000000000d7e6000 	/System/Library/PrivateFrameworks/AppleVPA.framework/Versions/A/AppleVPA
0x000000000d7e6000 	/System/Library/PrivateFrameworks/AppleJPEG.framework/Versions/A/AppleJPEG
0x000000000d7e6000 	/System/Library/Frameworks/ImageIO.framework/Versions/A/Resources/libJPEG.dylib
0x000000000d7e6000 	/System/Library/Frameworks/ImageIO.framework/Versions/A/Resources/libTIFF.dylib
0x000000000d7e6000 	/System/Library/Frameworks/ImageIO.framework/Versions/A/Resources/libPng.dylib
0x000000000d7e6000 	/System/Library/Frameworks/ImageIO.framework/Versions/A/Resources/libGIF.dylib
0x000000000d7e6000 	/System/Library/Frameworks/ImageIO.framework/Versions/A/Resources/libJP2.dylib
0x000000000d7e6000 	/System/Library/Frameworks/ImageIO.framework/Versions/A/Resources/libRadiance.dylib
0x000000000d7e6000 	/System/Library/Frameworks/CoreVideo.framework/Versions/A/CoreVideo
0x000000000d7e6000 	/System/Library/Frameworks/OpenGL.framework/Versions/A/Libraries/libGLU.dylib
0x000000000d7e6000 	/System/Library/Frameworks/OpenGL.framework/Versions/A/Libraries/libGFXShared.dylib
0x000000000d7e6000 	/System/Library/Frameworks/OpenGL.framework/Versions/A/Libraries/libGL.dylib
0x000000000d7e6000 	/System/Library/Frameworks/OpenGL.framework/Versions/A/Libraries/libGLImage.dylib
0x000000000d7e6000 	/System/Library/Frameworks/OpenGL.framework/Versions/A/Libraries/libCVMSPluginSupport.dylib
0x000000000d7e6000 	/System/Library/Frameworks/OpenGL.framework/Versions/A/Libraries/libCoreVMClient.dylib
0x000000000d7e6000 	/usr/lib/libcups.2.dylib
0x000000000d7e6000 	/System/Library/Frameworks/Kerberos.framework/Versions/A/Kerberos
0x000000000d7e6000 	/System/Library/Frameworks/GSS.framework/Versions/A/GSS
0x000000000d7e6000 	/usr/lib/libresolv.9.dylib
0x000000000d7e6000 	/System/Library/PrivateFrameworks/Heimdal.framework/Versions/A/Heimdal
0x000000000d7e6000 	/usr/lib/libheimdal-asn1.dylib
0x000000000d7e6000 	/System/Library/Frameworks/OpenDirectory.framework/Versions/A/OpenDirectory
0x000000000d7e6000 	/System/Library/PrivateFrameworks/CommonAuth.framework/Versions/A/CommonAuth
0x000000000d7e6000 	/System/Library/Frameworks/SecurityFoundation.framework/Versions/A/SecurityFoundation
0x000000000d7e6000 	/System/Library/Frameworks/QuartzCore.framework/Versions/A/Frameworks/CoreImage.framework/Versions/A/CoreImage
0x000000000d7e6000 	/System/Library/PrivateFrameworks/CrashReporterSupport.framework/Versions/A/CrashReporterSupport
0x000000000d7e6000 	/System/Library/Frameworks/OpenCL.framework/Versions/A/OpenCL
0x000000000d7e6000 	/System/Library/PrivateFrameworks/FaceCore.framework/Versions/A/FaceCore
0x000000000d7e6000 	/System/Library/PrivateFrameworks/Ubiquity.framework/Versions/A/Ubiquity
0x000000000d7e6000 	/System/Library/PrivateFrameworks/IconServices.framework/Versions/A/IconServices
0x000000000d7e6000 	/System/Library/PrivateFrameworks/ChunkingLibrary.framework/Versions/A/ChunkingLibrary
0x000000000d7e6000 	/System/Library/PrivateFrameworks/Apple80211.framework/Versions/A/Apple80211
0x000000000d7e6000 	/System/Library/Frameworks/CoreWLAN.framework/Versions/A/CoreWLAN
0x000000000d7e6000 	/System/Library/Frameworks/IOBluetooth.framework/Versions/A/IOBluetooth
0x000000000d7e6000 	/System/Library/PrivateFrameworks/CoreWiFi.framework/Versions/A/CoreWiFi
0x000000000d7e6000 	/System/Library/Frameworks/CoreBluetooth.framework/Versions/A/CoreBluetooth
0x000000000d7e6000 	/System/Library/PrivateFrameworks/DebugSymbols.framework/Versions/A/DebugSymbols
0x000000000d7e6000 	/System/Library/PrivateFrameworks/CoreSymbolication.framework/Versions/A/CoreSymbolication
0x000000000d7e6000 	/System/Library/PrivateFrameworks/Symbolication.framework/Versions/A/Symbolication
0x000000000d7e6000 	/System/Library/PrivateFrameworks/SpeechRecognitionCore.framework/Versions/A/SpeechRecognitionCore
0x000000010606a000 	/Library/Java/JavaVirtualMachines/jdk1.8.0_20.jdk/Contents/Home/jre/lib/server/libjvm.dylib
0x000000000d7e6000 	/usr/lib/libstdc++.6.dylib
0x0000000106f9c000 	/Library/Java/JavaVirtualMachines/jdk1.8.0_20.jdk/Contents/Home/jre/lib/libverify.dylib
0x0000000106faa000 	/Library/Java/JavaVirtualMachines/jdk1.8.0_20.jdk/Contents/Home/jre/lib/libjava.dylib
0x0000000106fe8000 	/Library/Java/JavaVirtualMachines/jdk1.8.0_20.jdk/Contents/Home/jre/lib/libzip.dylib
0x000000011d977000 	/System/Library/Frameworks/JavaVM.framework/Frameworks/JavaRuntimeSupport.framework/JavaRuntimeSupport
0x000000011d98f000 	/System/Library/Frameworks/JavaVM.framework/Versions/A/Frameworks/JavaNativeFoundation.framework/Versions/A/JavaNativeFoundation
0x0000000106ff2000 	/System/Library/Frameworks/JavaVM.framework/Versions/A/JavaVM
0x000000000d7e6000 	/System/Library/Frameworks/Carbon.framework/Versions/A/Carbon
0x000000011d9a4000 	/System/Library/PrivateFrameworks/JavaLaunching.framework/Versions/A/JavaLaunching
0x000000000d7e6000 	/System/Library/Frameworks/Carbon.framework/Versions/A/Frameworks/CommonPanels.framework/Versions/A/CommonPanels
0x000000000d7e6000 	/System/Library/Frameworks/Carbon.framework/Versions/A/Frameworks/Help.framework/Versions/A/Help
0x000000000d7e6000 	/System/Library/Frameworks/Carbon.framework/Versions/A/Frameworks/ImageCapture.framework/Versions/A/ImageCapture
0x000000000d7e6000 	/System/Library/Frameworks/Carbon.framework/Versions/A/Frameworks/OpenScripting.framework/Versions/A/OpenScripting
0x000000000d7e6000 	/System/Library/Frameworks/Carbon.framework/Versions/A/Frameworks/Print.framework/Versions/A/Print
0x000000000d7e6000 	/System/Library/Frameworks/Carbon.framework/Versions/A/Frameworks/SecurityHI.framework/Versions/A/SecurityHI
0x000000011f81b000 	/Library/Java/JavaVirtualMachines/jdk1.8.0_20.jdk/Contents/Home/jre/lib/libawt.dylib
0x000000011f8ca000 	/Library/Java/JavaVirtualMachines/jdk1.8.0_20.jdk/Contents/Home/jre/lib/./libmlib_image.dylib
0x000000011f996000 	/Library/Java/JavaVirtualMachines/jdk1.8.0_20.jdk/Contents/Home/jre/lib/libawt_lwawt.dylib
0x000000011fa49000 	/Library/Java/JavaVirtualMachines/jdk1.8.0_20.jdk/Contents/Home/jre/lib/./libosxapp.dylib
0x000000000d7e6000 	/System/Library/Frameworks/ExceptionHandling.framework/Versions/A/ExceptionHandling
0x000000000d7e6000 	/System/Library/PrivateFrameworks/CoreServicesInternal.framework/Versions/A/CoreServicesInternal
0x000000000d7e6000 	/System/Library/PrivateFrameworks/CloudDocs.framework/Versions/A/CloudDocs
0x000000000d7e6000 	/System/Library/PrivateFrameworks/CoreDuet.framework/Versions/A/CoreDuet
0x000000000d7e6000 	/System/Library/Frameworks/CloudKit.framework/Versions/A/CloudKit
0x000000000d7e6000 	/System/Library/PrivateFrameworks/ProtocolBuffer.framework/Versions/A/ProtocolBuffer
0x000000000d7e6000 	/System/Library/PrivateFrameworks/CoreDuetDaemonProtocol.framework/Versions/A/CoreDuetDaemonProtocol
0x000000000d7e6000 	/System/Library/PrivateFrameworks/CoreDuetDebugLogging.framework/Versions/A/CoreDuetDebugLogging
0x000000000d7e6000 	/System/Library/Frameworks/CoreLocation.framework/Versions/A/CoreLocation
0x000000000d7e6000 	/System/Library/Frameworks/Accounts.framework/Versions/A/Accounts
0x000000000d7e6000 	/System/Library/PrivateFrameworks/ApplePushService.framework/Versions/A/ApplePushService
0x000000000d7e6000 	/System/Library/PrivateFrameworks/GeoServices.framework/Versions/A/GeoServices
0x000000000d7e6000 	/System/Library/PrivateFrameworks/OAuth.framework/Versions/A/OAuth
0x000000000d7e6000 	/System/Library/PrivateFrameworks/CoreDaemon.framework/Versions/B/CoreDaemon
0x000000000d7e6000 	/usr/lib/libcrypto.0.9.8.dylib
0x000000000d7e6000 	/System/Library/PrivateFrameworks/AppleSRP.framework/Versions/A/AppleSRP
0x000000000d7e6000 	/System/Library/PrivateFrameworks/TrustEvaluationAgent.framework/Versions/A/TrustEvaluationAgent
0x000000000d7e6000 	/System/Library/Frameworks/CoreGraphics.framework/Versions/A/Resources/libCGCMS.A.dylib
0x000000000d7e6000 	/System/Library/Frameworks/CoreGraphics.framework/Versions/A/Resources/libRIP.A.dylib
0x000000000d7e6000 	/System/Library/Frameworks/CoreGraphics.framework/Versions/A/Resources/libCGXType.A.dylib
0x000000000d7e6000 	/System/Library/Frameworks/OpenCL.framework/Versions/A/Libraries/libcldcpuengine.dylib
0x000000000d7e6000 	/System/Library/PrivateFrameworks/DiskImages.framework/Versions/A/DiskImages
0x000000000d7e6000 	/System/Library/Frameworks/DiscRecording.framework/Versions/A/DiscRecording
0x000000000d7e6000 	/usr/lib/libcsfde.dylib
0x000000000d7e6000 	/usr/lib/libcurl.4.dylib
0x000000000d7e6000 	/System/Library/PrivateFrameworks/MediaKit.framework/Versions/A/MediaKit
0x000000000d7e6000 	/System/Library/PrivateFrameworks/ProtectedCloudStorage.framework/Versions/A/ProtectedCloudStorage
0x000000000d7e6000 	/usr/lib/libCoreStorage.dylib
0x000000000d7e6000 	/System/Library/PrivateFrameworks/EFILogin.framework/Versions/A/EFILogin
0x000000000d7e6000 	/usr/lib/libutil.dylib
0x000000000d7e6000 	/System/Library/PrivateFrameworks/FindMyDevice.framework/Versions/A/FindMyDevice
0x000000000d7e6000 	/System/Library/Frameworks/LDAP.framework/Versions/A/LDAP
0x000000000d7e6000 	/usr/lib/libsasl2.2.dylib
0x0000000122872000 	cl_kernels
0x0000000122874000 	/System/Library/Frameworks/OpenCL.framework/Versions/A/Libraries/ImageFormats/unorm8_bgra.dylib
0x0000000122864000 	cl_kernels
0x000000000d7e6000 	/System/Library/PrivateFrameworks/FamilyControls.framework/Versions/A/FamilyControls
0x000000000d7e6000 	/System/Library/PrivateFrameworks/CommerceKit.framework/Versions/A/Frameworks/CommerceCore.framework/Versions/A/CommerceCore
0x000000000d7e6000 	/System/Library/PrivateFrameworks/SystemAdministration.framework/Versions/A/SystemAdministration
0x000000000d7e6000 	/System/Library/PrivateFrameworks/AppContainer.framework/Versions/A/AppContainer
0x000000000d7e6000 	/System/Library/PrivateFrameworks/SecCodeWrapper.framework/Versions/A/SecCodeWrapper
0x000000000d7e6000 	/System/Library/Frameworks/DirectoryService.framework/Versions/A/DirectoryService
0x000000000d7e6000 	/System/Library/PrivateFrameworks/LoginUIKit.framework/Versions/A/Frameworks/LoginUICore.framework/Versions/A/LoginUICore
0x000000000d7e6000 	/usr/lib/libodfde.dylib
0x0000000123b7b000 	/Library/Java/JavaVirtualMachines/jdk1.8.0_20.jdk/Contents/Home/jre/lib/libfontmanager.dylib
0x0000000123be1000 	/Users/Patrick/Github/GameProject-CN-PP/lib/natives/liblwjgl.jnilib
0x0000000121cec000 	/Library/Java/JavaVirtualMachines/jdk1.8.0_20.jdk/Contents/Home/jre/lib/libjawt.dylib
0x000000000d7e6000 	/System/Library/Frameworks/OpenGL.framework/Versions/A/Resources/GLEngine.bundle/GLEngine
0x000000000d7e6000 	/System/Library/Frameworks/OpenGL.framework/Versions/A/Libraries/libGLProgrammability.dylib
0x0000000000000000 	/System/Library/Extensions/AppleIntelHD5000GraphicsGLDriver.bundle/Contents/MacOS/AppleIntelHD5000GraphicsGLDriver
0x000000000d7e6000 	/System/Library/PrivateFrameworks/IOAccelerator.framework/Versions/A/IOAccelerator
0x000000000d7e6000 	/System/Library/PrivateFrameworks/GPUSupport.framework/Versions/A/Libraries/libGPUSupportMercury.dylib
0x000000000d7e6000 	/System/Library/Frameworks/OpenGL.framework/Versions/A/Resources/GLRendererFloat.bundle/GLRendererFloat

VM Arguments:
jvm_args: -Dfile.encoding=UTF-8 -Djava.library.path=lib/natives 
java_command: control.Game
java_class_path (initial): /Users/Patrick/Dropbox/Java Libraries/Slick2D/lib/slick.jar:/Users/Patrick/Desktop/lib/lwjgl/jar/lwjgl.jar:/Users/Patrick/Desktop/lib/lwjgl/jar/lwjgl_util.jar:/Users/Patrick/Github/GameProject-CN-PP/build/classes
Launcher Type: SUN_STANDARD

Environment Variables:
PATH=/usr/bin:/bin:/usr/sbin:/sbin
LD_LIBRARY_PATH=/Library/Java/JavaVirtualMachines/jdk1.8.0_20.jdk/Contents/Home/jre/lib/amd64:/Library/Java/JavaVirtualMachines/jdk1.8.0_20.jdk/Contents/Home/jre/lib/i386:
SHELL=/bin/bash
DYLD_LIBRARY_PATH=/Applications/NetBeans/NetBeans 8.0.1.app/Contents/Resources/NetBeans/webcommon/bin:

Signal Handlers:
SIGSEGV: [libjvm.dylib+0x578fd7], sa_mask[0]=11111111011111110111111111111111, sa_flags=SA_ONSTACK|SA_RESTART|SA_SIGINFO
SIGBUS: [libjvm.dylib+0x578fd7], sa_mask[0]=11111111011111110111111111111111, sa_flags=SA_RESTART|SA_SIGINFO
SIGFPE: [libjvm.dylib+0x45ab0c], sa_mask[0]=11111111011111110111111111111111, sa_flags=SA_RESTART|SA_SIGINFO
SIGPIPE: [libjvm.dylib+0x45ab0c], sa_mask[0]=11111111011111110111111111111111, sa_flags=SA_RESTART|SA_SIGINFO
SIGXFSZ: [libjvm.dylib+0x45ab0c], sa_mask[0]=11111111011111110111111111111111, sa_flags=SA_RESTART|SA_SIGINFO
SIGILL: [libjvm.dylib+0x45ab0c], sa_mask[0]=11111111011111110111111111111111, sa_flags=SA_RESTART|SA_SIGINFO
SIGUSR1: SIG_DFL, sa_mask[0]=00000000000000000000000000000000, sa_flags=none
SIGUSR2: [libjvm.dylib+0x45a62a], sa_mask[0]=00100000000000000000000000000000, sa_flags=SA_RESTART|SA_SIGINFO
SIGHUP: [libjvm.dylib+0x458bfd], sa_mask[0]=11111111011111110111111111111111, sa_flags=SA_RESTART|SA_SIGINFO
SIGINT: SIG_IGN, sa_mask[0]=00000000000000000000000000000000, sa_flags=none
SIGTERM: [libjvm.dylib+0x458bfd], sa_mask[0]=11111111011111110111111111111111, sa_flags=SA_RESTART|SA_SIGINFO
SIGQUIT: [libjvm.dylib+0x458bfd], sa_mask[0]=11111111011111110111111111111111, sa_flags=SA_RESTART|SA_SIGINFO


---------------  S Y S T E M  ---------------

OS:Bsduname:Darwin 14.0.0 Darwin Kernel Version 14.0.0: Fri Sep 19 00:26:44 PDT 2014; root:xnu-2782.1.97~2/RELEASE_X86_64 x86_64
rlimit: STACK 8192k, CORE 0k, NPROC 709, NOFILE 10240, AS infinity
load average:2.67 2.61 2.05

CPU:total 4 (2 cores per cpu, 2 threads per core) family 6 model 69 stepping 1, cmov, cx8, fxsr, mmx, sse, sse2, sse3, ssse3, sse4.1, sse4.2, popcnt, avx, avx2, aes, clmul, erms, lzcnt, ht, tsc, tscinvbit, bmi1, bmi2

Memory: 4k page, physical 8388608k(62624k free)

/proc/meminfo:


vm_info: Java HotSpot(TM) 64-Bit Server VM (25.20-b23) for bsd-amd64 JRE (1.8.0_20-b26), built on Jul 30 2014 13:37:47 by "java_re" with gcc 4.2.1 (Based on Apple Inc. build 5658) (LLVM build 2336.9.00)

time: Sat Oct 18 08:43:31 2014
elapsed time: 4 seconds (0d 0h 0m 4s)

